

============================== 2022-10-20 11:27:41.186493 | a29bf68a-6fbf-4995-bbcd-718544f5fa24 ==============================
[0m11:27:41.186493 [info ] [MainThread]: Running with dbt=1.3.0
[0m11:27:41.190482 [debug] [MainThread]: running dbt with arguments {'write_json': True, 'use_colors': True, 'printer_width': 80, 'version_check': True, 'partial_parse': True, 'static_parser': True, 'profiles_dir': 'C:\\Users\\admin\\.dbt', 'send_anonymous_usage_stats': True, 'event_buffer_size': 100000, 'quiet': False, 'no_print': False, 'project_name': 'weekly', 'skip_profile_setup': False, 'which': 'init', 'indirect_selection': 'eager'}
[0m11:27:41.191479 [debug] [MainThread]: Tracking: tracking
[0m11:27:41.193473 [debug] [MainThread]: Sending event: {'category': 'dbt', 'action': 'invocation', 'label': 'start', 'context': [<snowplow_tracker.self_describing_json.SelfDescribingJson object at 0x0000024636A7F0D0>, <snowplow_tracker.self_describing_json.SelfDescribingJson object at 0x0000024636A7FBB0>, <snowplow_tracker.self_describing_json.SelfDescribingJson object at 0x0000024636A7FA00>]}
[0m11:27:41.197470 [debug] [MainThread]: Starter project path: C:\Users\admin\AppData\Local\Programs\Python\Python39\lib\site-packages\dbt\include\starter_project
[0m11:29:38.819807 [info ] [MainThread]: Profile weekly written to C:\Users\admin\.dbt\profiles.yml using target's profile_template.yml and your supplied values. Run 'dbt debug' to validate the connection.
[0m11:29:38.825791 [info ] [MainThread]: 
Your new dbt project "weekly" was created!

For more information on how to configure the profiles.yml file,
please consult the dbt documentation here:

  https://docs.getdbt.com/docs/configure-your-profile

One more thing:

Need help? Don't hesitate to reach out to us via GitHub issues or on Slack:

  https://community.getdbt.com/

Happy modeling!

[0m11:29:38.835770 [debug] [MainThread]: Sending event: {'category': 'dbt', 'action': 'invocation', 'label': 'end', 'context': [<snowplow_tracker.self_describing_json.SelfDescribingJson object at 0x0000024636A7FB20>, <snowplow_tracker.self_describing_json.SelfDescribingJson object at 0x0000024636A7FAC0>, <snowplow_tracker.self_describing_json.SelfDescribingJson object at 0x0000024636A7F400>]}
[0m11:29:38.836764 [debug] [MainThread]: Flushing usage events


============================== 2022-10-20 11:30:01.961327 | 0498f137-5b79-4585-81f4-b354623c4eef ==============================
[0m11:30:01.961327 [info ] [MainThread]: Running with dbt=1.3.0
[0m11:30:01.962325 [debug] [MainThread]: running dbt with arguments {'write_json': True, 'use_colors': True, 'printer_width': 80, 'version_check': True, 'partial_parse': True, 'static_parser': True, 'profiles_dir': 'C:\\Users\\admin\\.dbt', 'send_anonymous_usage_stats': True, 'event_buffer_size': 100000, 'quiet': False, 'no_print': False, 'config_dir': False, 'which': 'debug', 'indirect_selection': 'eager'}
[0m11:30:01.963320 [debug] [MainThread]: Tracking: tracking
[0m11:30:01.964318 [debug] [MainThread]: Sending event: {'category': 'dbt', 'action': 'invocation', 'label': 'start', 'context': [<snowplow_tracker.self_describing_json.SelfDescribingJson object at 0x000002276A3CC700>, <snowplow_tracker.self_describing_json.SelfDescribingJson object at 0x000002276A3CC7C0>, <snowplow_tracker.self_describing_json.SelfDescribingJson object at 0x000002276A3CC610>]}
[0m11:30:04.530172 [debug] [MainThread]: Executing "git --help"
[0m11:30:04.655385 [debug] [MainThread]: STDOUT: "b"usage: git [-v | --version] [-h | --help] [-C <path>] [-c <name>=<value>]\n           [--exec-path[=<path>]] [--html-path] [--man-path] [--info-path]\n           [-p | --paginate | -P | --no-pager] [--no-replace-objects] [--bare]\n           [--git-dir=<path>] [--work-tree=<path>] [--namespace=<name>]\n           [--super-prefix=<path>] [--config-env=<name>=<envvar>]\n           <command> [<args>]\n\nThese are common Git commands used in various situations:\n\nstart a working area (see also: git help tutorial)\n   clone     Clone a repository into a new directory\n   init      Create an empty Git repository or reinitialize an existing one\n\nwork on the current change (see also: git help everyday)\n   add       Add file contents to the index\n   mv        Move or rename a file, a directory, or a symlink\n   restore   Restore working tree files\n   rm        Remove files from the working tree and from the index\n\nexamine the history and state (see also: git help revisions)\n   bisect    Use binary search to find the commit that introduced a bug\n   diff      Show changes between commits, commit and working tree, etc\n   grep      Print lines matching a pattern\n   log       Show commit logs\n   show      Show various types of objects\n   status    Show the working tree status\n\ngrow, mark and tweak your common history\n   branch    List, create, or delete branches\n   commit    Record changes to the repository\n   merge     Join two or more development histories together\n   rebase    Reapply commits on top of another base tip\n   reset     Reset current HEAD to the specified state\n   switch    Switch branches\n   tag       Create, list, delete or verify a tag object signed with GPG\n\ncollaborate (see also: git help workflows)\n   fetch     Download objects and refs from another repository\n   pull      Fetch from and integrate with another repository or a local branch\n   push      Update remote refs along with associated objects\n\n'git help -a' and 'git help -g' list available subcommands and some\nconcept guides. See 'git help <command>' or 'git help <concept>'\nto read about a specific subcommand or concept.\nSee 'git help git' for an overview of the system.\n""
[0m11:30:04.656364 [debug] [MainThread]: STDERR: "b''"
[0m11:30:04.658360 [debug] [MainThread]: Sending event: {'category': 'dbt', 'action': 'invocation', 'label': 'end', 'context': [<snowplow_tracker.self_describing_json.SelfDescribingJson object at 0x00000227723A5F70>, <snowplow_tracker.self_describing_json.SelfDescribingJson object at 0x000002277235B430>, <snowplow_tracker.self_describing_json.SelfDescribingJson object at 0x000002277235BA60>]}
[0m11:30:04.659359 [debug] [MainThread]: Flushing usage events
